<?xml version="1.0" encoding="UTF-8"?>
<!-- Generated by org.testng.reporters.JUnitReportReporter -->
<testsuite hostname="LTCH-5CD4466GTK" failures="0" tests="6" name="KB_Test_Runner.TestNG_Runner" time="0.134" errors="0" timestamp="2025-01-21T16:59:40 IST" skipped="0">
  <testcase classname="KB_Test_Runner.TestNG_Runner" name="runScenario" time="0.008"/>
  <testcase classname="KB_Test_Runner.TestNG_Runner" name="runScenario" time="0.009"/>
  <testcase classname="KB_Test_Runner.TestNG_Runner" name="runScenario" time="0.084"/>
  <testcase classname="KB_Test_Runner.TestNG_Runner" name="runScenario" time="0.008"/>
  <testcase classname="KB_Test_Runner.TestNG_Runner" name="runScenario" time="0.016"/>
  <testcase classname="KB_Test_Runner.TestNG_Runner" name="runScenario" time="0.009"/>
</testsuite> <!-- KB_Test_Runner.TestNG_Runner -->
